17:06:48,156 DEBUG BaseTest:58 - [ Chrome Browser Launched ]
17:06:49,225 DEBUG BaseTest:83 - [ Navigated to: https://basecopy5.staging.pg-test.com/v2/]
17:06:51,338 DEBUG TestAssignment1:20 - Landing on Home Page and clicking on login
17:06:51,338 DEBUG TestAssignment1:22 - Entering valid EmailId[ p14@g.com And Password Automation@123] 
17:06:56,633 DEBUG TestAssignment1:24 - Successfully logged in with [ p14@g.com And Password Automation@123] 
17:06:56,635 DEBUG TestAssignment1:26 - Selecting Carrier options from Dropdowns
17:06:59,831 DEBUG TestAssignment1:28 - selected 'Jobs' Options from Carrier dropdowns
17:07:08,833 DEBUG _Log4jLoggerFactory$Log4jLogger:45 - Couldn't find template in cache for "spark/spark.spa.ftl"("en_IN", UTF-8, parsed); will try to load it.
17:07:08,833 DEBUG _Log4jLoggerFactory$Log4jLogger:45 - TemplateLoader.findTemplateSource("spark/spark.spa_en_IN.ftl"): Not found
17:07:08,834 DEBUG _Log4jLoggerFactory$Log4jLogger:45 - TemplateLoader.findTemplateSource("spark/spark.spa_en.ftl"): Not found
17:07:08,834 DEBUG _Log4jLoggerFactory$Log4jLogger:45 - TemplateLoader.findTemplateSource("spark/spark.spa.ftl"): Found
17:07:08,835 DEBUG _Log4jLoggerFactory$Log4jLogger:45 - Loading template for "spark/spark.spa.ftl"("en_IN", UTF-8, parsed) from "jar:file:/home/milind/.m2/repository/com/aventstack/extentreports/5.0.9/extentreports-5.0.9.jar!/com/aventstack/extentreports/templates/spark/spark.spa.ftl"
17:07:08,872 DEBUG _Log4jLoggerFactory$Log4jLogger:45 - Couldn't find template in cache for "commons/commons-variables.ftl"("en_IN", UTF-8, parsed); will try to load it.
17:07:08,872 DEBUG _Log4jLoggerFactory$Log4jLogger:45 - TemplateLoader.findTemplateSource("commons/commons-variables_en_IN.ftl"): Not found
17:07:08,873 DEBUG _Log4jLoggerFactory$Log4jLogger:45 - TemplateLoader.findTemplateSource("commons/commons-variables_en.ftl"): Not found
17:07:08,873 DEBUG _Log4jLoggerFactory$Log4jLogger:45 - TemplateLoader.findTemplateSource("commons/commons-variables.ftl"): Found
17:07:08,873 DEBUG _Log4jLoggerFactory$Log4jLogger:45 - Loading template for "commons/commons-variables.ftl"("en_IN", UTF-8, parsed) from "jar:file:/home/milind/.m2/repository/tech/grasshopper/htmlextentreporter/1.0.1/htmlextentreporter-1.0.1.jar!/com/aventstack/extentreports/templates/commons/commons-variables.ftl"
17:07:08,923 DEBUG _Log4jLoggerFactory$Log4jLogger:45 - Couldn't find template in cache for "commons/commons-macros.ftl"("en_IN", UTF-8, parsed); will try to load it.
17:07:08,924 DEBUG _Log4jLoggerFactory$Log4jLogger:45 - TemplateLoader.findTemplateSource("commons/commons-macros_en_IN.ftl"): Not found
17:07:08,924 DEBUG _Log4jLoggerFactory$Log4jLogger:45 - TemplateLoader.findTemplateSource("commons/commons-macros_en.ftl"): Not found
17:07:08,924 DEBUG _Log4jLoggerFactory$Log4jLogger:45 - TemplateLoader.findTemplateSource("commons/commons-macros.ftl"): Found
17:07:08,924 DEBUG _Log4jLoggerFactory$Log4jLogger:45 - Loading template for "commons/commons-macros.ftl"("en_IN", UTF-8, parsed) from "jar:file:/home/milind/.m2/repository/com/aventstack/extentreports/5.0.9/extentreports-5.0.9.jar!/com/aventstack/extentreports/templates/commons/commons-macros.ftl"
17:07:08,928 DEBUG _Log4jLoggerFactory$Log4jLogger:45 - Couldn't find template in cache for "spark/macros/attributes.ftl"("en_IN", UTF-8, parsed); will try to load it.
17:07:08,928 DEBUG _Log4jLoggerFactory$Log4jLogger:45 - TemplateLoader.findTemplateSource("spark/macros/attributes_en_IN.ftl"): Not found
17:07:08,929 DEBUG _Log4jLoggerFactory$Log4jLogger:45 - TemplateLoader.findTemplateSource("spark/macros/attributes_en.ftl"): Not found
17:07:08,929 DEBUG _Log4jLoggerFactory$Log4jLogger:45 - TemplateLoader.findTemplateSource("spark/macros/attributes.ftl"): Found
17:07:08,929 DEBUG _Log4jLoggerFactory$Log4jLogger:45 - Loading template for "spark/macros/attributes.ftl"("en_IN", UTF-8, parsed) from "jar:file:/home/milind/.m2/repository/com/aventstack/extentreports/5.0.9/extentreports-5.0.9.jar!/com/aventstack/extentreports/templates/spark/macros/attributes.ftl"
17:07:08,930 DEBUG _Log4jLoggerFactory$Log4jLogger:45 - Couldn't find template in cache for "spark/macros/log.ftl"("en_IN", UTF-8, parsed); will try to load it.
17:07:08,930 DEBUG _Log4jLoggerFactory$Log4jLogger:45 - TemplateLoader.findTemplateSource("spark/macros/log_en_IN.ftl"): Not found
17:07:08,930 DEBUG _Log4jLoggerFactory$Log4jLogger:45 - TemplateLoader.findTemplateSource("spark/macros/log_en.ftl"): Not found
17:07:08,930 DEBUG _Log4jLoggerFactory$Log4jLogger:45 - TemplateLoader.findTemplateSource("spark/macros/log.ftl"): Found
17:07:08,930 DEBUG _Log4jLoggerFactory$Log4jLogger:45 - Loading template for "spark/macros/log.ftl"("en_IN", UTF-8, parsed) from "jar:file:/home/milind/.m2/repository/com/aventstack/extentreports/5.0.9/extentreports-5.0.9.jar!/com/aventstack/extentreports/templates/spark/macros/log.ftl"
17:07:08,931 DEBUG _Log4jLoggerFactory$Log4jLogger:45 - Couldn't find template in cache for "spark/macros/recurse_nodes.ftl"("en_IN", UTF-8, parsed); will try to load it.
17:07:08,932 DEBUG _Log4jLoggerFactory$Log4jLogger:45 - TemplateLoader.findTemplateSource("spark/macros/recurse_nodes_en_IN.ftl"): Not found
17:07:08,932 DEBUG _Log4jLoggerFactory$Log4jLogger:45 - TemplateLoader.findTemplateSource("spark/macros/recurse_nodes_en.ftl"): Not found
17:07:08,932 DEBUG _Log4jLoggerFactory$Log4jLogger:45 - TemplateLoader.findTemplateSource("spark/macros/recurse_nodes.ftl"): Found
17:07:08,932 DEBUG _Log4jLoggerFactory$Log4jLogger:45 - Loading template for "spark/macros/recurse_nodes.ftl"("en_IN", UTF-8, parsed) from "jar:file:/home/milind/.m2/repository/com/aventstack/extentreports/5.0.9/extentreports-5.0.9.jar!/com/aventstack/extentreports/templates/spark/macros/recurse_nodes.ftl"
17:07:08,934 DEBUG _Log4jLoggerFactory$Log4jLogger:45 - "spark/macros/log.ftl"("en_IN", UTF-8, parsed) cached copy not yet stale; using cached.
17:07:08,934 DEBUG _Log4jLoggerFactory$Log4jLogger:45 - Couldn't find template in cache for "spark/macros/attr-common.ftl"("en_IN", UTF-8, parsed); will try to load it.
17:07:08,935 DEBUG _Log4jLoggerFactory$Log4jLogger:45 - TemplateLoader.findTemplateSource("spark/macros/attr-common_en_IN.ftl"): Not found
17:07:08,935 DEBUG _Log4jLoggerFactory$Log4jLogger:45 - TemplateLoader.findTemplateSource("spark/macros/attr-common_en.ftl"): Not found
17:07:08,935 DEBUG _Log4jLoggerFactory$Log4jLogger:45 - TemplateLoader.findTemplateSource("spark/macros/attr-common.ftl"): Found
17:07:08,935 DEBUG _Log4jLoggerFactory$Log4jLogger:45 - Loading template for "spark/macros/attr-common.ftl"("en_IN", UTF-8, parsed) from "jar:file:/home/milind/.m2/repository/com/aventstack/extentreports/5.0.9/extentreports-5.0.9.jar!/com/aventstack/extentreports/templates/spark/macros/attr-common.ftl"
17:07:08,940 DEBUG _Log4jLoggerFactory$Log4jLogger:45 - Couldn't find template in cache for "spark/partials/head.ftl"("en_IN", UTF-8, parsed); will try to load it.
17:07:08,941 DEBUG _Log4jLoggerFactory$Log4jLogger:45 - TemplateLoader.findTemplateSource("spark/partials/head_en_IN.ftl"): Not found
17:07:08,941 DEBUG _Log4jLoggerFactory$Log4jLogger:45 - TemplateLoader.findTemplateSource("spark/partials/head_en.ftl"): Not found
17:07:08,941 DEBUG _Log4jLoggerFactory$Log4jLogger:45 - TemplateLoader.findTemplateSource("spark/partials/head.ftl"): Found
17:07:08,941 DEBUG _Log4jLoggerFactory$Log4jLogger:45 - Loading template for "spark/partials/head.ftl"("en_IN", UTF-8, parsed) from "jar:file:/home/milind/.m2/repository/com/aventstack/extentreports/5.0.9/extentreports-5.0.9.jar!/com/aventstack/extentreports/templates/spark/partials/head.ftl"
17:07:08,943 DEBUG _Log4jLoggerFactory$Log4jLogger:45 - Couldn't find template in cache for "commons/commons-inject-css.ftl"("en_IN", UTF-8, parsed); will try to load it.
17:07:08,943 DEBUG _Log4jLoggerFactory$Log4jLogger:45 - TemplateLoader.findTemplateSource("commons/commons-inject-css_en_IN.ftl"): Not found
17:07:08,943 DEBUG _Log4jLoggerFactory$Log4jLogger:45 - TemplateLoader.findTemplateSource("commons/commons-inject-css_en.ftl"): Not found
17:07:08,943 DEBUG _Log4jLoggerFactory$Log4jLogger:45 - TemplateLoader.findTemplateSource("commons/commons-inject-css.ftl"): Found
17:07:08,944 DEBUG _Log4jLoggerFactory$Log4jLogger:45 - Loading template for "commons/commons-inject-css.ftl"("en_IN", UTF-8, parsed) from "jar:file:/home/milind/.m2/repository/com/aventstack/extentreports/5.0.9/extentreports-5.0.9.jar!/com/aventstack/extentreports/templates/commons/commons-inject-css.ftl"
17:07:08,944 DEBUG _Log4jLoggerFactory$Log4jLogger:45 - Couldn't find template in cache for "spark/partials/navbar.ftl"("en_IN", UTF-8, parsed); will try to load it.
17:07:08,944 DEBUG _Log4jLoggerFactory$Log4jLogger:45 - TemplateLoader.findTemplateSource("spark/partials/navbar_en_IN.ftl"): Not found
17:07:08,944 DEBUG _Log4jLoggerFactory$Log4jLogger:45 - TemplateLoader.findTemplateSource("spark/partials/navbar_en.ftl"): Not found
17:07:08,945 DEBUG _Log4jLoggerFactory$Log4jLogger:45 - TemplateLoader.findTemplateSource("spark/partials/navbar.ftl"): Found
17:07:08,945 DEBUG _Log4jLoggerFactory$Log4jLogger:45 - Loading template for "spark/partials/navbar.ftl"("en_IN", UTF-8, parsed) from "jar:file:/home/milind/.m2/repository/com/aventstack/extentreports/5.0.9/extentreports-5.0.9.jar!/com/aventstack/extentreports/templates/spark/partials/navbar.ftl"
17:07:08,948 DEBUG _Log4jLoggerFactory$Log4jLogger:45 - Couldn't find template in cache for "spark/partials/sidenav.ftl"("en_IN", UTF-8, parsed); will try to load it.
17:07:08,948 DEBUG _Log4jLoggerFactory$Log4jLogger:45 - TemplateLoader.findTemplateSource("spark/partials/sidenav_en_IN.ftl"): Not found
17:07:08,948 DEBUG _Log4jLoggerFactory$Log4jLogger:45 - TemplateLoader.findTemplateSource("spark/partials/sidenav_en.ftl"): Not found
17:07:08,949 DEBUG _Log4jLoggerFactory$Log4jLogger:45 - TemplateLoader.findTemplateSource("spark/partials/sidenav.ftl"): Found
17:07:08,949 DEBUG _Log4jLoggerFactory$Log4jLogger:45 - Loading template for "spark/partials/sidenav.ftl"("en_IN", UTF-8, parsed) from "jar:file:/home/milind/.m2/repository/com/aventstack/extentreports/5.0.9/extentreports-5.0.9.jar!/com/aventstack/extentreports/templates/spark/partials/sidenav.ftl"
17:07:08,955 DEBUG _Log4jLoggerFactory$Log4jLogger:45 - Couldn't find template in cache for "spark/partials/test.ftl"("en_IN", UTF-8, parsed); will try to load it.
17:07:08,956 DEBUG _Log4jLoggerFactory$Log4jLogger:45 - TemplateLoader.findTemplateSource("spark/partials/test_en_IN.ftl"): Not found
17:07:08,956 DEBUG _Log4jLoggerFactory$Log4jLogger:45 - TemplateLoader.findTemplateSource("spark/partials/test_en.ftl"): Not found
17:07:08,956 DEBUG _Log4jLoggerFactory$Log4jLogger:45 - TemplateLoader.findTemplateSource("spark/partials/test.ftl"): Found
17:07:08,957 DEBUG _Log4jLoggerFactory$Log4jLogger:45 - Loading template for "spark/partials/test.ftl"("en_IN", UTF-8, parsed) from "jar:file:/home/milind/.m2/repository/com/aventstack/extentreports/5.0.9/extentreports-5.0.9.jar!/com/aventstack/extentreports/templates/spark/partials/test.ftl"
17:07:08,966 DEBUG _Log4jLoggerFactory$Log4jLogger:45 - Couldn't find template in cache for "spark/partials/standard-content.ftl"("en_IN", UTF-8, parsed); will try to load it.
17:07:08,967 DEBUG _Log4jLoggerFactory$Log4jLogger:45 - TemplateLoader.findTemplateSource("spark/partials/standard-content_en_IN.ftl"): Not found
17:07:08,967 DEBUG _Log4jLoggerFactory$Log4jLogger:45 - TemplateLoader.findTemplateSource("spark/partials/standard-content_en.ftl"): Not found
17:07:08,967 DEBUG _Log4jLoggerFactory$Log4jLogger:45 - TemplateLoader.findTemplateSource("spark/partials/standard-content.ftl"): Found
17:07:08,967 DEBUG _Log4jLoggerFactory$Log4jLogger:45 - Loading template for "spark/partials/standard-content.ftl"("en_IN", UTF-8, parsed) from "jar:file:/home/milind/.m2/repository/com/aventstack/extentreports/5.0.9/extentreports-5.0.9.jar!/com/aventstack/extentreports/templates/spark/partials/standard-content.ftl"
17:07:08,971 DEBUG _Log4jLoggerFactory$Log4jLogger:45 - Couldn't find template in cache for "spark/partials/exception.ftl"("en_IN", UTF-8, parsed); will try to load it.
17:07:08,972 DEBUG _Log4jLoggerFactory$Log4jLogger:45 - TemplateLoader.findTemplateSource("spark/partials/exception_en_IN.ftl"): Not found
17:07:08,972 DEBUG _Log4jLoggerFactory$Log4jLogger:45 - TemplateLoader.findTemplateSource("spark/partials/exception_en.ftl"): Not found
17:07:08,972 DEBUG _Log4jLoggerFactory$Log4jLogger:45 - TemplateLoader.findTemplateSource("spark/partials/exception.ftl"): Found
17:07:08,973 DEBUG _Log4jLoggerFactory$Log4jLogger:45 - Loading template for "spark/partials/exception.ftl"("en_IN", UTF-8, parsed) from "jar:file:/home/milind/.m2/repository/com/aventstack/extentreports/5.0.9/extentreports-5.0.9.jar!/com/aventstack/extentreports/templates/spark/partials/exception.ftl"
17:07:08,973 DEBUG _Log4jLoggerFactory$Log4jLogger:45 - Couldn't find template in cache for "spark/partials/category.ftl"("en_IN", UTF-8, parsed); will try to load it.
17:07:08,973 DEBUG _Log4jLoggerFactory$Log4jLogger:45 - TemplateLoader.findTemplateSource("spark/partials/category_en_IN.ftl"): Not found
17:07:08,974 DEBUG _Log4jLoggerFactory$Log4jLogger:45 - TemplateLoader.findTemplateSource("spark/partials/category_en.ftl"): Not found
17:07:08,974 DEBUG _Log4jLoggerFactory$Log4jLogger:45 - TemplateLoader.findTemplateSource("spark/partials/category.ftl"): Found
17:07:08,974 DEBUG _Log4jLoggerFactory$Log4jLogger:45 - Loading template for "spark/partials/category.ftl"("en_IN", UTF-8, parsed) from "jar:file:/home/milind/.m2/repository/com/aventstack/extentreports/5.0.9/extentreports-5.0.9.jar!/com/aventstack/extentreports/templates/spark/partials/category.ftl"
17:07:08,974 DEBUG _Log4jLoggerFactory$Log4jLogger:45 - Couldn't find template in cache for "spark/partials/device.ftl"("en_IN", UTF-8, parsed); will try to load it.
17:07:08,974 DEBUG _Log4jLoggerFactory$Log4jLogger:45 - TemplateLoader.findTemplateSource("spark/partials/device_en_IN.ftl"): Not found
17:07:08,975 DEBUG _Log4jLoggerFactory$Log4jLogger:45 - TemplateLoader.findTemplateSource("spark/partials/device_en.ftl"): Not found
17:07:08,975 DEBUG _Log4jLoggerFactory$Log4jLogger:45 - TemplateLoader.findTemplateSource("spark/partials/device.ftl"): Found
17:07:08,975 DEBUG _Log4jLoggerFactory$Log4jLogger:45 - Loading template for "spark/partials/device.ftl"("en_IN", UTF-8, parsed) from "jar:file:/home/milind/.m2/repository/com/aventstack/extentreports/5.0.9/extentreports-5.0.9.jar!/com/aventstack/extentreports/templates/spark/partials/device.ftl"
17:07:08,976 DEBUG _Log4jLoggerFactory$Log4jLogger:45 - Couldn't find template in cache for "spark/partials/author.ftl"("en_IN", UTF-8, parsed); will try to load it.
17:07:08,976 DEBUG _Log4jLoggerFactory$Log4jLogger:45 - TemplateLoader.findTemplateSource("spark/partials/author_en_IN.ftl"): Not found
17:07:08,976 DEBUG _Log4jLoggerFactory$Log4jLogger:45 - TemplateLoader.findTemplateSource("spark/partials/author_en.ftl"): Not found
17:07:08,976 DEBUG _Log4jLoggerFactory$Log4jLogger:45 - TemplateLoader.findTemplateSource("spark/partials/author.ftl"): Found
17:07:08,977 DEBUG _Log4jLoggerFactory$Log4jLogger:45 - Loading template for "spark/partials/author.ftl"("en_IN", UTF-8, parsed) from "jar:file:/home/milind/.m2/repository/com/aventstack/extentreports/5.0.9/extentreports-5.0.9.jar!/com/aventstack/extentreports/templates/spark/partials/author.ftl"
17:07:08,977 DEBUG _Log4jLoggerFactory$Log4jLogger:45 - Couldn't find template in cache for "spark/partials/log.ftl"("en_IN", UTF-8, parsed); will try to load it.
17:07:08,978 DEBUG _Log4jLoggerFactory$Log4jLogger:45 - TemplateLoader.findTemplateSource("spark/partials/log_en_IN.ftl"): Not found
17:07:08,978 DEBUG _Log4jLoggerFactory$Log4jLogger:45 - TemplateLoader.findTemplateSource("spark/partials/log_en.ftl"): Not found
17:07:08,978 DEBUG _Log4jLoggerFactory$Log4jLogger:45 - TemplateLoader.findTemplateSource("spark/partials/log.ftl"): Found
17:07:08,978 DEBUG _Log4jLoggerFactory$Log4jLogger:45 - Loading template for "spark/partials/log.ftl"("en_IN", UTF-8, parsed) from "jar:file:/home/milind/.m2/repository/com/aventstack/extentreports/5.0.9/extentreports-5.0.9.jar!/com/aventstack/extentreports/templates/spark/partials/log.ftl"
17:07:08,979 DEBUG _Log4jLoggerFactory$Log4jLogger:45 - Couldn't find template in cache for "spark/partials/dashboard.ftl"("en_IN", UTF-8, parsed); will try to load it.
17:07:08,979 DEBUG _Log4jLoggerFactory$Log4jLogger:45 - TemplateLoader.findTemplateSource("spark/partials/dashboard_en_IN.ftl"): Not found
17:07:08,979 DEBUG _Log4jLoggerFactory$Log4jLogger:45 - TemplateLoader.findTemplateSource("spark/partials/dashboard_en.ftl"): Not found
17:07:08,979 DEBUG _Log4jLoggerFactory$Log4jLogger:45 - TemplateLoader.findTemplateSource("spark/partials/dashboard.ftl"): Found
17:07:08,980 DEBUG _Log4jLoggerFactory$Log4jLogger:45 - Loading template for "spark/partials/dashboard.ftl"("en_IN", UTF-8, parsed) from "jar:file:/home/milind/.m2/repository/com/aventstack/extentreports/5.0.9/extentreports-5.0.9.jar!/com/aventstack/extentreports/templates/spark/partials/dashboard.ftl"
17:07:09,006 DEBUG _Log4jLoggerFactory$Log4jLogger:45 - Couldn't find template in cache for "spark/partials/scripts.ftl"("en_IN", UTF-8, parsed); will try to load it.
17:07:09,007 DEBUG _Log4jLoggerFactory$Log4jLogger:45 - TemplateLoader.findTemplateSource("spark/partials/scripts_en_IN.ftl"): Not found
17:07:09,008 DEBUG _Log4jLoggerFactory$Log4jLogger:45 - TemplateLoader.findTemplateSource("spark/partials/scripts_en.ftl"): Not found
17:07:09,008 DEBUG _Log4jLoggerFactory$Log4jLogger:45 - TemplateLoader.findTemplateSource("spark/partials/scripts.ftl"): Found
17:07:09,008 DEBUG _Log4jLoggerFactory$Log4jLogger:45 - Loading template for "spark/partials/scripts.ftl"("en_IN", UTF-8, parsed) from "jar:file:/home/milind/.m2/repository/com/aventstack/extentreports/5.0.9/extentreports-5.0.9.jar!/com/aventstack/extentreports/templates/spark/partials/scripts.ftl"
17:07:09,009 DEBUG _Log4jLoggerFactory$Log4jLogger:45 - Couldn't find template in cache for "commons/commons-inject-js.ftl"("en_IN", UTF-8, parsed); will try to load it.
17:07:09,009 DEBUG _Log4jLoggerFactory$Log4jLogger:45 - TemplateLoader.findTemplateSource("commons/commons-inject-js_en_IN.ftl"): Not found
17:07:09,010 DEBUG _Log4jLoggerFactory$Log4jLogger:45 - TemplateLoader.findTemplateSource("commons/commons-inject-js_en.ftl"): Not found
17:07:09,010 DEBUG _Log4jLoggerFactory$Log4jLogger:45 - TemplateLoader.findTemplateSource("commons/commons-inject-js.ftl"): Found
17:07:09,010 DEBUG _Log4jLoggerFactory$Log4jLogger:45 - Loading template for "commons/commons-inject-js.ftl"("en_IN", UTF-8, parsed) from "jar:file:/home/milind/.m2/repository/com/aventstack/extentreports/5.0.9/extentreports-5.0.9.jar!/com/aventstack/extentreports/templates/commons/commons-inject-js.ftl"
